Using pre-set license
Built from '2020.3/staging' branch; Version is '2020.3.20f1 (41c4e627c95f) revision 4310246'; Using compiler version '192528614'; Build Type 'Release'
OS: 'Windows 10 Home; OS build 19042.1415; Version 2009; 64bit' Language: 'en' Physical Memory: 16147 MB
BatchMode: 1, IsHumanControllingUs: 0, StartBugReporterOnCrash: 0, Is64bit: 1, IsPro: 0

COMMAND LINE ARGUMENTS:
C:\Program Files\Unity\Hub\Editor\2020.3.20f1\Editor\Unity.exe
-adb2
-batchMode
-noUpm
-name
AssetImportWorker0
-projectPath
C:/Users/navse/Unity Projects/CS189/old stuff/NAVSEA
-logFile
Logs/AssetImportWorker0.log
-srvPort
50489
Successfully changed project path to: C:/Users/navse/Unity Projects/CS189/old stuff/NAVSEA
C:/Users/navse/Unity Projects/CS189/old stuff/NAVSEA
Using Asset Import Pipeline V2.
Refreshing native plugins compatible for Editor in 260.84 ms, found 10 plugins.
Preloading 0 native plugins for Editor in 0.00 ms.
Initialize engine version: 2020.3.20f1 (41c4e627c95f)
[Subsystems] Discovering subsystems at path C:/Program Files/Unity/Hub/Editor/2020.3.20f1/Editor/Data/Resources/UnitySubsystems
[Subsystems] Discovering subsystems at path C:/Users/navse/Unity Projects/CS189/old stuff/NAVSEA/Assets
GfxDevice: creating device client; threaded=0
Direct3D:
    Version:  Direct3D 11.0 [level 11.1]
    Renderer: NVIDIA GeForce RTX 3060 Laptop GPU (ID=0x2520)
    Vendor:   
    VRAM:     6023 MB
    Driver:   27.21.14.6262
Initialize mono
Mono path[0] = 'C:/Program Files/Unity/Hub/Editor/2020.3.20f1/Editor/Data/Managed'
Mono path[1] = 'C:/Program Files/Unity/Hub/Editor/2020.3.20f1/Editor/Data/MonoBleedingEdge/lib/mono/unityjit'
Mono config path = 'C:/Program Files/Unity/Hub/Editor/2020.3.20f1/Editor/Data/MonoBleedingEdge/etc'
Using monoOptions --debugger-agent=transport=dt_socket,embedding=1,server=y,suspend=n,address=127.0.0.1:56604
Begin MonoManager ReloadAssembly
Registering precompiled unity dll's ...
Register platform support module: C:/Program Files/Unity/Hub/Editor/2020.3.20f1/Editor/Data/PlaybackEngines/WindowsStandaloneSupport/UnityEditor.WindowsStandalone.Extensions.dll
Registered in 0.006342 seconds.
Native extension for WindowsStandalone target not found
Refreshing native plugins compatible for Editor in 239.53 ms, found 10 plugins.
Preloading 0 native plugins for Editor in 0.00 ms.
Mono: successfully reloaded assembly
- Completed reload, in  3.694 seconds
Domain Reload Profiling:
	ReloadAssembly (3695ms)
		BeginReloadAssembly (207ms)
			ExecutionOrderSort (0ms)
			DisableScriptedObjects (0ms)
			BackupInstance (0ms)
			ReleaseScriptingObjects (0ms)
			CreateAndSetChildDomain (2ms)
		EndReloadAssembly (1495ms)
			LoadAssemblies (199ms)
			RebuildTransferFunctionScriptingTraits (0ms)
			SetupTypeCache (465ms)
			ReleaseScriptCaches (0ms)
			RebuildScriptCaches (97ms)
			SetupLoadedEditorAssemblies (663ms)
				LogAssemblyErrors (0ms)
				InitializePlatformSupportModulesInManaged (10ms)
				SetLoadedEditorAssemblies (1ms)
				RefreshPlugins (240ms)
				BeforeProcessingInitializeOnLoad (31ms)
				ProcessInitializeOnLoadAttributes (278ms)
				ProcessInitializeOnLoadMethodAttributes (104ms)
				AfterProcessingInitializeOnLoad (0ms)
				EditorAssembliesLoaded (1ms)
			ExecutionOrderSort2 (0ms)
			AwakeInstancesAfterBackupRestoration (0ms)
Platform modules already initialized, skipping
Registering precompiled user dll's ...
Registered in 0.065662 seconds.
Begin MonoManager ReloadAssembly
Native extension for WindowsStandalone target not found
Refreshing native plugins compatible for Editor in 229.55 ms, found 10 plugins.
Preloading 0 native plugins for Editor in 0.00 ms.
[XR] [MROpenXR][Info   ][19:01:13.011324][tid:eec] MeshProvider_RegisterLifecycleProvider
[XR] [MROpenXR][Info   ][19:01:13.011484][tid:eec] InputProvider_RegisterLifeCycleProvider
[XR] Error loading subsystem: Display (1) (header mismatch?)
Mono: successfully reloaded assembly
- Completed reload, in  8.286 seconds
Domain Reload Profiling:
	ReloadAssembly (8290ms)
		BeginReloadAssembly (488ms)
			ExecutionOrderSort (0ms)
			DisableScriptedObjects (13ms)
			BackupInstance (0ms)
			ReleaseScriptingObjects (0ms)
			CreateAndSetChildDomain (51ms)
		EndReloadAssembly (7594ms)
			LoadAssemblies (399ms)
			RebuildTransferFunctionScriptingTraits (0ms)
			SetupTypeCache (1058ms)
			ReleaseScriptCaches (1ms)
			RebuildScriptCaches (218ms)
			SetupLoadedEditorAssemblies (5499ms)
				LogAssemblyErrors (0ms)
				InitializePlatformSupportModulesInManaged (11ms)
				SetLoadedEditorAssemblies (1ms)
				RefreshPlugins (230ms)
				BeforeProcessingInitializeOnLoad (395ms)
				ProcessInitializeOnLoadAttributes (3517ms)
				ProcessInitializeOnLoadMethodAttributes (1323ms)
				AfterProcessingInitializeOnLoad (22ms)
				EditorAssembliesLoaded (1ms)
			ExecutionOrderSort2 (0ms)
			AwakeInstancesAfterBackupRestoration (19ms)
Platform modules already initialized, skipping
========================================================================
Worker process is ready to serve import requests
Launched and connected shader compiler UnityShaderCompiler.exe after 0.16 seconds
Refreshing native plugins compatible for Editor in 3.66 ms, found 10 plugins.
Preloading 0 native plugins for Editor in 0.00 ms.
Unloading 3526 Unused Serialized files (Serialized files now loaded: 0)
System memory in use before: 142.4 MB.
System memory in use after: 142.1 MB.

Unloading 536 unused Assets to reduce memory usage. Loaded Objects now: 3898.
Total: 13.494200 ms (FindLiveObjects: 1.042100 ms CreateObjectMapping: 0.526800 ms MarkObjects: 10.648700 ms  DeleteObjects: 1.273100 ms)

AssetImportParameters requested are different than current active one (requested -> active):
  custom:framework-win-MediaFoundation: 216162199b28c13a410421893ffa2e32 -> 
  custom:video-decoder-ogg-theora: a1e56fd34408186e4bbccfd4996cb3dc -> 
  custom:container-muxer-webm: aa71ff27fc2769a1b78a27578f13a17b -> 
  custom:container-demuxer-webm: 4f35f7cbe854078d1ac9338744f61a02 -> 
  custom:container-demuxer-ogg: 62fdf1f143b41e24485cea50d1cbac27 -> 
  custom:video-encoder-webm-vp8: eb34c28f22e8b96e1ab97ce403110664 -> 
  custom:video-decoder-webm-vp8: 9c59270c3fd7afecdb556c50c9e8de78 -> 
  custom:audio-decoder-ogg-vorbis: bf7c407c2cedff20999df2af8eb42d56 -> 
  custom:audio-encoder-webm-vorbis: bf7c407c2cedff20999df2af8eb42d56 -> 
========================================================================
Received Import Request.
  path: Assets/Samples/Mixed Reality Toolkit Examples/2.7.2/Experimental - HandMenuLayout/Prefabs/PalmUpHandMenu_Side_1x3.prefab
  artifactKey: Guid(14b2f904c012f204b94aa960a991840e) Importer(815301076,1909f56bfc062723c751e8b465ee728b)
Start importing Assets/Samples/Mixed Reality Toolkit Examples/2.7.2/Experimental - HandMenuLayout/Prefabs/PalmUpHandMenu_Side_1x3.prefab using Guid(14b2f904c012f204b94aa960a991840e) Importer(815301076,1909f56bfc062723c751e8b465ee728b)  -> (artifact id: 'e1e133eae4711cbaff84d31fed98dba6') in 1.466848 seconds 
  Import took 1.488216 seconds .

========================================================================
Received Import Request.
  Time since last request: 0.000589 seconds.
  path: Assets/Samples/Mixed Reality Toolkit Examples/2.7.2/Experimental - HandMenuLayout/Prefabs/PalmUpHandMenu_Side_1x3_Circles.prefab
  artifactKey: Guid(6d13d89669f2dba44996cfd0a6ce7856) Importer(815301076,1909f56bfc062723c751e8b465ee728b)
Start importing Assets/Samples/Mixed Reality Toolkit Examples/2.7.2/Experimental - HandMenuLayout/Prefabs/PalmUpHandMenu_Side_1x3_Circles.prefab using Guid(6d13d89669f2dba44996cfd0a6ce7856) Importer(815301076,1909f56bfc062723c751e8b465ee728b)  -> (artifact id: '362f7ff5577bf10ca5a91d83535aa874') in 0.684725 seconds 
  Import took 0.704380 seconds .

========================================================================
Received Import Request.
  Time since last request: 0.000977 seconds.
  path: Assets/Samples/Mixed Reality Toolkit Examples/2.7.2/Experimental - HandMenuLayout/Prefabs/PalmUpHandMenu_Side_1x4.prefab
  artifactKey: Guid(9ef654312d26a6743af904631a9c1b8e) Importer(815301076,1909f56bfc062723c751e8b465ee728b)
Start importing Assets/Samples/Mixed Reality Toolkit Examples/2.7.2/Experimental - HandMenuLayout/Prefabs/PalmUpHandMenu_Side_1x4.prefab using Guid(9ef654312d26a6743af904631a9c1b8e) Importer(815301076,1909f56bfc062723c751e8b465ee728b)  -> (artifact id: '1f56903db2752969da1231d58d5a4df2') in 0.124773 seconds 
  Import took 0.145529 seconds .

========================================================================
Received Import Request.
  Time since last request: 0.001008 seconds.
  path: Assets/Samples/Mixed Reality Toolkit Examples
  artifactKey: Guid(c5b6c126ccc663a46b6d5881f3acd32b) Importer(815301076,1909f56bfc062723c751e8b465ee728b)
Start importing Assets/Samples/Mixed Reality Toolkit Examples using Guid(c5b6c126ccc663a46b6d5881f3acd32b) Importer(815301076,1909f56bfc062723c751e8b465ee728b)  -> (artifact id: '0c64a7abd70b552c86513f2f88122423') in 0.008830 seconds 
  Import took 0.024873 seconds .

========================================================================
Received Import Request.
  Time since last request: 0.001076 seconds.
  path: Assets/Samples/Mixed Reality Toolkit Examples/2.7.2/Experimental - HandMenuLayout/Prefabs/PalmUpHandMenu_AboveFingertips_3x4.prefab
  artifactKey: Guid(e2f6f6072287b9543ba3002962cd02c0) Importer(815301076,1909f56bfc062723c751e8b465ee728b)
Start importing Assets/Samples/Mixed Reality Toolkit Examples/2.7.2/Experimental - HandMenuLayout/Prefabs/PalmUpHandMenu_AboveFingertips_3x4.prefab using Guid(e2f6f6072287b9543ba3002962cd02c0) Importer(815301076,1909f56bfc062723c751e8b465ee728b)  -> (artifact id: '61785bfb09fcee5c4c90f643fd566327') in 0.470202 seconds 
  Import took 0.492764 seconds .

========================================================================
Received Import Request.
  Time since last request: 0.001056 seconds.
  path: Assets/Samples/Mixed Reality Toolkit Examples/2.7.2/Experimental - HandMenuLayout/Prefabs/PalmUpHandMenu_InPalm_3x3.prefab
  artifactKey: Guid(cc885b0607931fe4f92799eee46ab769) Importer(815301076,1909f56bfc062723c751e8b465ee728b)
Start importing Assets/Samples/Mixed Reality Toolkit Examples/2.7.2/Experimental - HandMenuLayout/Prefabs/PalmUpHandMenu_InPalm_3x3.prefab using Guid(cc885b0607931fe4f92799eee46ab769) Importer(815301076,1909f56bfc062723c751e8b465ee728b)  -> (artifact id: '7399b8d5f9783a6b2c283066932d15cc') in 0.748147 seconds 
  Import took 0.767332 seconds .

========================================================================
Received Import Request.
  Time since last request: 0.000969 seconds.
  path: Assets/Samples/Mixed Reality Toolkit Examples/2.7.2
  artifactKey: Guid(06fe1b60b73fa8b4a8adde3dd0175d5f) Importer(815301076,1909f56bfc062723c751e8b465ee728b)
Start importing Assets/Samples/Mixed Reality Toolkit Examples/2.7.2 using Guid(06fe1b60b73fa8b4a8adde3dd0175d5f) Importer(815301076,1909f56bfc062723c751e8b465ee728b)  -> (artifact id: 'ff4fd045a4fc6ec27c5e616e51e55730') in 0.007346 seconds 
  Import took 0.023078 seconds .

========================================================================
Received Import Request.
  Time since last request: 0.000841 seconds.
  path: Assets/Samples/Mixed Reality Toolkit Examples/2.7.2/Experimental - HandMenuLayout
  artifactKey: Guid(fee69c8e8e5df9e489c0dad19e58d2cd) Importer(815301076,1909f56bfc062723c751e8b465ee728b)
Start importing Assets/Samples/Mixed Reality Toolkit Examples/2.7.2/Experimental - HandMenuLayout using Guid(fee69c8e8e5df9e489c0dad19e58d2cd) Importer(815301076,1909f56bfc062723c751e8b465ee728b)  -> (artifact id: '65bcd5e004e02d811012ef17c35c9aea') in 0.009419 seconds 
  Import took 0.024743 seconds .

========================================================================
Received Import Request.
  Time since last request: 0.001208 seconds.
  path: Assets/Samples/Mixed Reality Toolkit Examples/2.7.2/Experimental - HandMenuLayout/Prefabs
  artifactKey: Guid(dcfee229312651d49a00572657f76691) Importer(815301076,1909f56bfc062723c751e8b465ee728b)
Start importing Assets/Samples/Mixed Reality Toolkit Examples/2.7.2/Experimental - HandMenuLayout/Prefabs using Guid(dcfee229312651d49a00572657f76691) Importer(815301076,1909f56bfc062723c751e8b465ee728b)  -> (artifact id: '12f98f86d6e70f368e50b88ead6c595c') in 0.008327 seconds 
  Import took 0.025806 seconds .

========================================================================
Received Import Request.
  Time since last request: 0.000888 seconds.
  path: Assets/Samples/Mixed Reality Toolkit Examples/2.7.2/Experimental - HandMenuLayout/Prefabs/PalmUpHandMenu_AboveFingertips_3x2.prefab
  artifactKey: Guid(6662f03b72946ab4b8d0200a7cdb0477) Importer(815301076,1909f56bfc062723c751e8b465ee728b)
Start importing Assets/Samples/Mixed Reality Toolkit Examples/2.7.2/Experimental - HandMenuLayout/Prefabs/PalmUpHandMenu_AboveFingertips_3x2.prefab using Guid(6662f03b72946ab4b8d0200a7cdb0477) Importer(815301076,1909f56bfc062723c751e8b465ee728b)  -> (artifact id: '7b9a0e60e286e3d703fc8d4a56b17652') in 0.165381 seconds 
  Import took 0.184778 seconds .

========================================================================
Received Import Request.
  Time since last request: 0.001039 seconds.
  path: Assets/Samples/Mixed Reality Toolkit Examples/2.7.2/Experimental - HandMenuLayout/Prefabs/PressableButtonHoloLens2_AppButton.prefab
  artifactKey: Guid(0b624ef669468fc43ba70c5eb0da606e) Importer(815301076,1909f56bfc062723c751e8b465ee728b)
Start importing Assets/Samples/Mixed Reality Toolkit Examples/2.7.2/Experimental - HandMenuLayout/Prefabs/PressableButtonHoloLens2_AppButton.prefab using Guid(0b624ef669468fc43ba70c5eb0da606e) Importer(815301076,1909f56bfc062723c751e8b465ee728b)  -> (artifact id: '430d55bdcc0200c26232873f0a5efc22') in 0.136554 seconds 
  Import took 0.156514 seconds .

AssetImportWorkerClient::OnTransportError - code=2 error=End of file
